        -:    0:Source:dominion.c
        -:    0:Graph:dominion.gcno
        -:    0:Data:dominion.gcda
        -:    0:Runs:3
        -:    0:Programs:3
        -:    1:#include "dominion.h"
        -:    2:#include "dominion_helpers.h"
        -:    3:#include "rngs.h"
        -:    4:#include <stdio.h>
        -:    5:#include <math.h>
        -:    6:#include <stdlib.h>
        -:    7:
function compare called 25211 returned 100% blocks executed 100%
    25211:    8:int compare(const void* a, const void* b) {
    25211:    9:  if (*(int*)a > *(int*)b)
branch  0 taken 12979 (fallthrough)
branch  1 taken 12232
    12979:   10:    return 1;
    12232:   11:  if (*(int*)a < *(int*)b)
branch  0 taken 11202 (fallthrough)
branch  1 taken 1030
    11202:   12:    return -1;
     1030:   13:  return 0;
        -:   14:}
        -:   15:
function newGame called 0 returned 0% blocks executed 0%
    #####:   16:struct gameState* newGame() {
    #####:   17:  struct gameState* g = malloc(sizeof(struct gameState));
    #####:   18:  return g;
        -:   19:}
        -:   20:
function kingdomCards called 0 returned 0% blocks executed 0%
    #####:   21:int* kingdomCards(int k1, int k2, int k3, int k4, int k5, int k6, int k7,
        -:   22:		  int k8, int k9, int k10) {
    #####:   23:  int* k = malloc(10 * sizeof(int));
    #####:   24:  k[0] = k1;
    #####:   25:  k[1] = k2;
    #####:   26:  k[2] = k3;
    #####:   27:  k[3] = k4;
    #####:   28:  k[4] = k5;
    #####:   29:  k[5] = k6;
    #####:   30:  k[6] = k7;
    #####:   31:  k[7] = k8;
    #####:   32:  k[8] = k9;
    #####:   33:  k[9] = k10;
    #####:   34:  return k;
        -:   35:}
        -:   36:
function initializeGame called 0 returned 0% blocks executed 0%
    #####:   37:int initializeGame(int numPlayers, int kingdomCards[10], int randomSeed,
        -:   38:		   struct gameState *state) {
        -:   39:
        -:   40:  int i;
        -:   41:  int j;
        -:   42:  int it;			
        -:   43:  //set up random number generator
    #####:   44:  SelectStream(1);
call    0 never executed
    #####:   45:  PutSeed((long)randomSeed);
call    0 never executed
        -:   46:  
        -:   47:  //check number of players
    #####:   48:  if (numPlayers > MAX_PLAYERS || numPlayers < 2)
branch  0 never executed
branch  1 never executed
branch  2 never executed
branch  3 never executed
        -:   49:    {
    #####:   50:      return -1;
        -:   51:    }
        -:   52:
        -:   53:  //set number of players
    #####:   54:  state->numPlayers = numPlayers;
        -:   55:
        -:   56:  //check selected kingdom cards are different
    #####:   57:  for (i = 0; i < 10; i++)
branch  0 never executed
branch  1 never executed
        -:   58:    {
    #####:   59:      for (j = 0; j < 10; j++)
branch  0 never executed
branch  1 never executed
        -:   60:        {
    #####:   61:	  if (j != i && kingdomCards[j] == kingdomCards[i])
branch  0 never executed
branch  1 never executed
branch  2 never executed
branch  3 never executed
        -:   62:	    {
    #####:   63:	      return -1;
        -:   64:	    }
        -:   65:        }
        -:   66:    }
        -:   67:
        -:   68:
        -:   69:  //initialize supply
        -:   70:  ///////////////////////////////
        -:   71:
        -:   72:  //set number of Curse cards
    #####:   73:  if (numPlayers == 2)
branch  0 never executed
branch  1 never executed
        -:   74:    {
    #####:   75:      state->supplyCount[curse] = 10;
        -:   76:    }
    #####:   77:  else if (numPlayers == 3)
branch  0 never executed
branch  1 never executed
        -:   78:    {
    #####:   79:      state->supplyCount[curse] = 20;
        -:   80:    }
        -:   81:  else
        -:   82:    {
    #####:   83:      state->supplyCount[curse] = 30;
        -:   84:    }
        -:   85:
        -:   86:  //set number of Victory cards
    #####:   87:  if (numPlayers == 2)
branch  0 never executed
branch  1 never executed
        -:   88:    {
    #####:   89:      state->supplyCount[estate] = 8;
    #####:   90:      state->supplyCount[duchy] = 8;
    #####:   91:      state->supplyCount[province] = 8;
        -:   92:    }
        -:   93:  else
        -:   94:    {
    #####:   95:      state->supplyCount[estate] = 12;
    #####:   96:      state->supplyCount[duchy] = 12;
    #####:   97:      state->supplyCount[province] = 12;
        -:   98:    }
        -:   99:
        -:  100:  //set number of Treasure cards
    #####:  101:  state->supplyCount[copper] = 60 - (7 * numPlayers);
    #####:  102:  state->supplyCount[silver] = 40;
    #####:  103:  state->supplyCount[gold] = 30;
        -:  104:
        -:  105:  //set number of Kingdom cards
    #####:  106:  for (i = adventurer; i <= treasure_map; i++)       	//loop all cards
branch  0 never executed
branch  1 never executed
        -:  107:  {
    #####:  108:      for (j = 0; j < 10; j++)           		//loop chosen cards
branch  0 never executed
branch  1 never executed
        -:  109:      {
    #####:  110:          if (kingdomCards[j] == i)
branch  0 never executed
branch  1 never executed
        -:  111:          {
        -:  112:              //check if card is a 'Victory' Kingdom card
    #####:  113:              if (kingdomCards[j] == great_hall || kingdomCards[j] == gardens)
branch  0 never executed
branch  1 never executed
branch  2 never executed
branch  3 never executed
        -:  114:              {
    #####:  115:                  if (numPlayers == 2)
branch  0 never executed
branch  1 never executed
        -:  116:                  {
    #####:  117:                      state->supplyCount[i] = 8;
        -:  118:                  }
        -:  119:                  else
        -:  120:                  {
    #####:  121:                      state->supplyCount[i] = 12;
        -:  122:                  }
        -:  123:              }
        -:  124:              else
        -:  125:              {
    #####:  126:                  state->supplyCount[i] = 10;
        -:  127:              }
    #####:  128:              break;
        -:  129:          }
        -:  130:          else    //card is not in the set choosen for the game
        -:  131:          {
    #####:  132:              state->supplyCount[i] = -1;
        -:  133:          }
        -:  134:      }
        -:  135:
        -:  136:    }
        -:  137:
        -:  138:  ////////////////////////
        -:  139:  //supply intilization complete
        -:  140:
        -:  141:  //set player decks
    #####:  142:  for (i = 0; i < numPlayers; i++)
branch  0 never executed
branch  1 never executed
        -:  143:    {
    #####:  144:      state->deckCount[i] = 0;
    #####:  145:      for (j = 0; j < 3; j++)
branch  0 never executed
branch  1 never executed
        -:  146:	{
    #####:  147:	  state->deck[i][j] = estate;
    #####:  148:	  state->deckCount[i]++;
        -:  149:	}
    #####:  150:      for (j = 3; j < 10; j++)
branch  0 never executed
branch  1 never executed
        -:  151:	{
    #####:  152:	  state->deck[i][j] = copper;
    #####:  153:	  state->deckCount[i]++;		
        -:  154:	}
        -:  155:    }
        -:  156:
        -:  157:  //shuffle player decks
    #####:  158:  for (i = 0; i < numPlayers; i++)
branch  0 never executed
branch  1 never executed
        -:  159:    {
    #####:  160:      if ( shuffle(i, state) < 0 )
call    0 never executed
branch  1 never executed
branch  2 never executed
        -:  161:	{
    #####:  162:	  return -1;
        -:  163:	}
        -:  164:    }
        -:  165:
        -:  166:  //draw player hands
    #####:  167:  for (i = 0; i < numPlayers; i++)
branch  0 never executed
branch  1 never executed
        -:  168:    {  
        -:  169:      //initialize hand size to zero
    #####:  170:      state->handCount[i] = 0;
    #####:  171:      state->discardCount[i] = 0;
        -:  172:      //draw 5 cards
        -:  173:      // for (j = 0; j < 5; j++)
        -:  174:      //	{
        -:  175:      //	  drawCard(i, state);
        -:  176:      //	}
        -:  177:    }
        -:  178:  
        -:  179:  //set embargo tokens to 0 for all supply piles
    #####:  180:  for (i = 0; i <= treasure_map; i++)
branch  0 never executed
branch  1 never executed
        -:  181:    {
    #####:  182:      state->embargoTokens[i] = 0;
        -:  183:    }
        -:  184:
        -:  185:  //initialize first player's turn
    #####:  186:  state->outpostPlayed = 0;
    #####:  187:  state->phase = 0;
    #####:  188:  state->numActions = 1;
    #####:  189:  state->numBuys = 1;
    #####:  190:  state->playedCardCount = 0;
    #####:  191:  state->whoseTurn = 0;
    #####:  192:  state->handCount[state->whoseTurn] = 0;
        -:  193:  //int it; move to top
        -:  194:
        -:  195:  //Moved draw cards to here, only drawing at the start of a turn
    #####:  196:  for (it = 0; it < 5; it++){
branch  0 never executed
branch  1 never executed
    #####:  197:    drawCard(state->whoseTurn, state);
call    0 never executed
        -:  198:  }
        -:  199:
    #####:  200:  updateCoins(state->whoseTurn, state, 0);
call    0 never executed
        -:  201:
    #####:  202:  return 0;
        -:  203:}
        -:  204:
function shuffle called 23 returned 100% blocks executed 100%
       23:  205:int shuffle(int player, struct gameState *state) {
        -:  206: 
        -:  207:
        -:  208:  int newDeck[MAX_DECK];
       23:  209:  int newDeckPos = 0;
        -:  210:  int card;
        -:  211:  int i;
        -:  212:
       23:  213:  if (state->deckCount[player] < 1)
branch  0 taken 8 (fallthrough)
branch  1 taken 15
        8:  214:    return -1;
       15:  215:  qsort ((void*)(state->deck[player]), state->deckCount[player], sizeof(int), compare); 
call    0 returned 15
        -:  216:  /* SORT CARDS IN DECK TO ENSURE DETERMINISM! */
        -:  217:
     3902:  218:  while (state->deckCount[player] > 0) {
branch  0 taken 3872
branch  1 taken 15 (fallthrough)
     3872:  219:    card = floor(Random() * state->deckCount[player]);
call    0 returned 3872
     3872:  220:    newDeck[newDeckPos] = state->deck[player][card];
     3872:  221:    newDeckPos++;
   296907:  222:    for (i = card; i < state->deckCount[player]-1; i++) {
branch  0 taken 293035
branch  1 taken 3872 (fallthrough)
   293035:  223:      state->deck[player][i] = state->deck[player][i+1];
        -:  224:    }
     3872:  225:    state->deckCount[player]--;
        -:  226:  }
     3887:  227:  for (i = 0; i < newDeckPos; i++) {
branch  0 taken 3872
branch  1 taken 15 (fallthrough)
     3872:  228:    state->deck[player][i] = newDeck[i];
     3872:  229:    state->deckCount[player]++;
        -:  230:  }
        -:  231:
       15:  232:  return 0;
        -:  233:}
        -:  234:
function playCard called 0 returned 0% blocks executed 0%
    #####:  235:int playCard(int handPos, int choice1, int choice2, int choice3, struct gameState *state) 
        -:  236:{	
        -:  237:  int card;
    #####:  238:  int coin_bonus = 0; 		//tracks coins gain from actions
        -:  239:
        -:  240:  //check if it is the right phase
    #####:  241:  if (state->phase != 0)
branch  0 never executed
branch  1 never executed
        -:  242:    {
    #####:  243:      return -1;
        -:  244:    }
        -:  245:	
        -:  246:  //check if player has enough actions
    #####:  247:  if ( state->numActions < 1 )
branch  0 never executed
branch  1 never executed
        -:  248:    {
    #####:  249:      return -1;
        -:  250:    }
        -:  251:	
        -:  252:  //get card played
    #####:  253:  card = handCard(handPos, state);
call    0 never executed
        -:  254:	
        -:  255:  //check if selected card is an action
    #####:  256:  if ( card < adventurer || card > treasure_map )
branch  0 never executed
branch  1 never executed
branch  2 never executed
branch  3 never executed
        -:  257:    {
    #####:  258:      return -1;
        -:  259:    }
        -:  260:	
        -:  261:  //play card
    #####:  262:  if ( cardEffect(card, choice1, choice2, choice3, state, handPos, &coin_bonus) < 0 )
call    0 never executed
branch  1 never executed
branch  2 never executed
        -:  263:    {
    #####:  264:      return -1;
        -:  265:    }
        -:  266:	
        -:  267:  //reduce number of actions
    #####:  268:  state->numActions--;
        -:  269:
        -:  270:  //update coins (Treasure cards may be added with card draws)
    #####:  271:  updateCoins(state->whoseTurn, state, coin_bonus);
call    0 never executed
        -:  272:	
    #####:  273:  return 0;
        -:  274:}
        -:  275:
function buyCard called 0 returned 0% blocks executed 0%
    #####:  276:int buyCard(int supplyPos, struct gameState *state) {
        -:  277:  int who;
        -:  278:  if (DEBUG){
        -:  279:    printf("Entering buyCard...\n");
        -:  280:  }
        -:  281:
        -:  282:  // I don't know what to do about the phase thing.
        -:  283:
    #####:  284:  who = state->whoseTurn;
        -:  285:
    #####:  286:  if (state->numBuys < 1){
branch  0 never executed
branch  1 never executed
        -:  287:    if (DEBUG)
        -:  288:      printf("You do not have any buys left\n");
    #####:  289:    return -1;
    #####:  290:  } else if (supplyCount(supplyPos, state) <1){
call    0 never executed
branch  1 never executed
branch  2 never executed
        -:  291:    if (DEBUG)
        -:  292:      printf("There are not any of that type of card left\n");
    #####:  293:    return -1;
    #####:  294:  } else if (state->coins < getCost(supplyPos)){
call    0 never executed
branch  1 never executed
branch  2 never executed
        -:  295:    if (DEBUG) 
        -:  296:      printf("You do not have enough money to buy that. You have %d coins.\n", state->coins);
    #####:  297:    return -1;
        -:  298:  } else {
    #####:  299:    state->phase=1;
        -:  300:    //state->supplyCount[supplyPos]--;
    #####:  301:    gainCard(supplyPos, state, 0, who); //card goes in discard, this might be wrong.. (2 means goes into hand, 0 goes into discard)
call    0 never executed
        -:  302:  
    #####:  303:    state->coins = (state->coins) - (getCost(supplyPos));
call    0 never executed
    #####:  304:    state->numBuys--;
        -:  305:    if (DEBUG)
        -:  306:      printf("You bought card number %d for %d coins. You now have %d buys and %d coins.\n", supplyPos, getCost(supplyPos), state->numBuys, state->coins);
        -:  307:  }
        -:  308:
        -:  309:  //state->discard[who][state->discardCount[who]] = supplyPos;
        -:  310:  //state->discardCount[who]++;
        -:  311:    
    #####:  312:  return 0;
        -:  313:}
        -:  314:
function numHandCards called 0 returned 0% blocks executed 0%
    #####:  315:int numHandCards(struct gameState *state) {
    #####:  316:  return state->handCount[ whoseTurn(state) ];
call    0 never executed
        -:  317:}
        -:  318:
function handCard called 0 returned 0% blocks executed 0%
    #####:  319:int handCard(int handPos, struct gameState *state) {
    #####:  320:  int currentPlayer = whoseTurn(state);
call    0 never executed
    #####:  321:  return state->hand[currentPlayer][handPos];
        -:  322:}
        -:  323:
function supplyCount called 0 returned 0% blocks executed 0%
    #####:  324:int supplyCount(int card, struct gameState *state) {
    #####:  325:  return state->supplyCount[card];
        -:  326:}
        -:  327:
function fullDeckCount called 0 returned 0% blocks executed 0%
    #####:  328:int fullDeckCount(int player, int card, struct gameState *state) {
        -:  329:  int i;
    #####:  330:  int count = 0;
        -:  331:
    #####:  332:  for (i = 0; i < state->deckCount[player]; i++)
branch  0 never executed
branch  1 never executed
        -:  333:    {
    #####:  334:      if (state->deck[player][i] == card) count++;
branch  0 never executed
branch  1 never executed
        -:  335:    }
        -:  336:
    #####:  337:  for (i = 0; i < state->handCount[player]; i++)
branch  0 never executed
branch  1 never executed
        -:  338:    {
    #####:  339:      if (state->hand[player][i] == card) count++;
branch  0 never executed
branch  1 never executed
        -:  340:    }
        -:  341:
    #####:  342:  for (i = 0; i < state->discardCount[player]; i++)
branch  0 never executed
branch  1 never executed
        -:  343:    {
    #####:  344:      if (state->discard[player][i] == card) count++;
branch  0 never executed
branch  1 never executed
        -:  345:    }
        -:  346:
    #####:  347:  return count;
        -:  348:}
        -:  349:
function whoseTurn called 6000 returned 100% blocks executed 100%
     6000:  350:int whoseTurn(struct gameState *state) {
     6000:  351:  return state->whoseTurn;
        -:  352:}
        -:  353:
function endTurn called 0 returned 0% blocks executed 0%
    #####:  354:int endTurn(struct gameState *state) {
        -:  355:  int k;
        -:  356:  int i;
    #####:  357:  int currentPlayer = whoseTurn(state);
call    0 never executed
        -:  358:  
        -:  359:  //Discard hand
    #####:  360:  for (i = 0; i < state->handCount[currentPlayer]; i++){
branch  0 never executed
branch  1 never executed
    #####:  361:    state->discard[currentPlayer][state->discardCount[currentPlayer]++] = state->hand[currentPlayer][i];//Discard
    #####:  362:    state->hand[currentPlayer][i] = -1;//Set card to -1
        -:  363:  }
    #####:  364:  state->handCount[currentPlayer] = 0;//Reset hand count
        -:  365:    
        -:  366:  //Code for determining the player
    #####:  367:  if (currentPlayer < (state->numPlayers - 1)){ 
branch  0 never executed
branch  1 never executed
    #####:  368:    state->whoseTurn = currentPlayer + 1;//Still safe to increment
        -:  369:  }
        -:  370:  else{
    #####:  371:    state->whoseTurn = 0;//Max player has been reached, loop back around to player 1
        -:  372:  }
        -:  373:
    #####:  374:  state->outpostPlayed = 0;
    #####:  375:  state->phase = 0;
    #####:  376:  state->numActions = 1;
    #####:  377:  state->coins = 0;
    #####:  378:  state->numBuys = 1;
    #####:  379:  state->playedCardCount = 0;
    #####:  380:  state->handCount[state->whoseTurn] = 0;
        -:  381:
        -:  382:  //int k; move to top
        -:  383:  //Next player draws hand
    #####:  384:  for (k = 0; k < 5; k++){
branch  0 never executed
branch  1 never executed
    #####:  385:    drawCard(state->whoseTurn, state);//Draw a card
call    0 never executed
        -:  386:  }
        -:  387:
        -:  388:  //Update money
    #####:  389:  updateCoins(state->whoseTurn, state , 0);
call    0 never executed
        -:  390:
    #####:  391:  return 0;
        -:  392:}
        -:  393:
function isGameOver called 0 returned 0% blocks executed 0%
    #####:  394:int isGameOver(struct gameState *state) {
        -:  395:  int i;
        -:  396:  int j;
        -:  397:	
        -:  398:  //if stack of Province cards is empty, the game ends
    #####:  399:  if (state->supplyCount[province] == 0)
branch  0 never executed
branch  1 never executed
        -:  400:    {
    #####:  401:      return 1;
        -:  402:    }
        -:  403:
        -:  404:  //if three supply pile are at 0, the game ends
    #####:  405:  j = 0;
    #####:  406:  for (i = 0; i < 25; i++)
branch  0 never executed
branch  1 never executed
        -:  407:    {
    #####:  408:      if (state->supplyCount[i] == 0)
branch  0 never executed
branch  1 never executed
        -:  409:	{
    #####:  410:	  j++;
        -:  411:	}
        -:  412:    }
    #####:  413:  if ( j >= 3)
branch  0 never executed
branch  1 never executed
        -:  414:    {
    #####:  415:      return 1;
        -:  416:    }
        -:  417:
    #####:  418:  return 0;
        -:  419:}
        -:  420:
function scoreFor called 0 returned 0% blocks executed 0%
    #####:  421:int scoreFor (int player, struct gameState *state) {
        -:  422:
        -:  423:  int i;
    #####:  424:  int score = 0;
        -:  425:  //score from hand
    #####:  426:  for (i = 0; i < state->handCount[player]; i++)
branch  0 never executed
branch  1 never executed
        -:  427:    {
    #####:  428:      if (state->hand[player][i] == curse) { score = score - 1; };
branch  0 never executed
branch  1 never executed
    #####:  429:      if (state->hand[player][i] == estate) { score = score + 1; };
branch  0 never executed
branch  1 never executed
    #####:  430:      if (state->hand[player][i] == duchy) { score = score + 3; };
branch  0 never executed
branch  1 never executed
    #####:  431:      if (state->hand[player][i] == province) { score = score + 6; };
branch  0 never executed
branch  1 never executed
    #####:  432:      if (state->hand[player][i] == great_hall) { score = score + 1; };
branch  0 never executed
branch  1 never executed
    #####:  433:      if (state->hand[player][i] == gardens) { score = score + ( fullDeckCount(player, 0, state) / 10 ); };
branch  0 never executed
branch  1 never executed
call    2 never executed
        -:  434:    }
        -:  435:
        -:  436:  //score from discard
    #####:  437:  for (i = 0; i < state->discardCount[player]; i++)
branch  0 never executed
branch  1 never executed
        -:  438:    {
    #####:  439:      if (state->discard[player][i] == curse) { score = score - 1; };
branch  0 never executed
branch  1 never executed
    #####:  440:      if (state->discard[player][i] == estate) { score = score + 1; };
branch  0 never executed
branch  1 never executed
    #####:  441:      if (state->discard[player][i] == duchy) { score = score + 3; };
branch  0 never executed
branch  1 never executed
    #####:  442:      if (state->discard[player][i] == province) { score = score + 6; };
branch  0 never executed
branch  1 never executed
    #####:  443:      if (state->discard[player][i] == great_hall) { score = score + 1; };
branch  0 never executed
branch  1 never executed
    #####:  444:      if (state->discard[player][i] == gardens) { score = score + ( fullDeckCount(player, 0, state) / 10 ); };
branch  0 never executed
branch  1 never executed
call    2 never executed
        -:  445:    }
        -:  446:
        -:  447:  //score from deck
    #####:  448:  for (i = 0; i < state->discardCount[player]; i++)
branch  0 never executed
branch  1 never executed
        -:  449:    {
    #####:  450:      if (state->deck[player][i] == curse) { score = score - 1; };
branch  0 never executed
branch  1 never executed
    #####:  451:      if (state->deck[player][i] == estate) { score = score + 1; };
branch  0 never executed
branch  1 never executed
    #####:  452:      if (state->deck[player][i] == duchy) { score = score + 3; };
branch  0 never executed
branch  1 never executed
    #####:  453:      if (state->deck[player][i] == province) { score = score + 6; };
branch  0 never executed
branch  1 never executed
    #####:  454:      if (state->deck[player][i] == great_hall) { score = score + 1; };
branch  0 never executed
branch  1 never executed
    #####:  455:      if (state->deck[player][i] == gardens) { score = score + ( fullDeckCount(player, 0, state) / 10 ); };
branch  0 never executed
branch  1 never executed
call    2 never executed
        -:  456:    }
        -:  457:
    #####:  458:  return score;
        -:  459:}
        -:  460:
function getWinners called 0 returned 0% blocks executed 0%
    #####:  461:int getWinners(int players[MAX_PLAYERS], struct gameState *state) {
        -:  462:  int i;	
        -:  463:  int j;
        -:  464:  int highScore;
        -:  465:  int currentPlayer;
        -:  466:
        -:  467:  //get score for each player
    #####:  468:  for (i = 0; i < MAX_PLAYERS; i++)
branch  0 never executed
branch  1 never executed
        -:  469:    {
        -:  470:      //set unused player scores to -9999
    #####:  471:      if (i >= state->numPlayers)
branch  0 never executed
branch  1 never executed
        -:  472:	{
    #####:  473:	  players[i] = -9999;
        -:  474:	}
        -:  475:      else
        -:  476:	{
    #####:  477:	  players[i] = scoreFor (i, state);
call    0 never executed
        -:  478:	}
        -:  479:    }
        -:  480:
        -:  481:  //find highest score
    #####:  482:  j = 0;
    #####:  483:  for (i = 0; i < MAX_PLAYERS; i++)
branch  0 never executed
branch  1 never executed
        -:  484:    {
    #####:  485:      if (players[i] > players[j])
branch  0 never executed
branch  1 never executed
        -:  486:	{
    #####:  487:	  j = i;
        -:  488:	}
        -:  489:    }
    #####:  490:  highScore = players[j];
        -:  491:
        -:  492:  //add 1 to players who had less turns
    #####:  493:  currentPlayer = whoseTurn(state);
call    0 never executed
    #####:  494:  for (i = 0; i < MAX_PLAYERS; i++)
branch  0 never executed
branch  1 never executed
        -:  495:    {
    #####:  496:      if ( players[i] == highScore && i > currentPlayer )
branch  0 never executed
branch  1 never executed
branch  2 never executed
branch  3 never executed
        -:  497:	{
    #####:  498:	  players[i]++;
        -:  499:	}
        -:  500:    }
        -:  501:
        -:  502:  //find new highest score
    #####:  503:  j = 0;
    #####:  504:  for (i = 0; i < MAX_PLAYERS; i++)
branch  0 never executed
branch  1 never executed
        -:  505:    {
    #####:  506:      if ( players[i] > players[j] )
branch  0 never executed
branch  1 never executed
        -:  507:	{
    #####:  508:	  j = i;
        -:  509:	}
        -:  510:    }
    #####:  511:  highScore = players[j];
        -:  512:
        -:  513:  //set winners in array to 1 and rest to 0
    #####:  514:  for (i = 0; i < MAX_PLAYERS; i++)
branch  0 never executed
branch  1 never executed
        -:  515:    {
    #####:  516:      if ( players[i] == highScore )
branch  0 never executed
branch  1 never executed
        -:  517:	{
    #####:  518:	  players[i] = 1;
        -:  519:	}
        -:  520:      else
        -:  521:	{
    #####:  522:	  players[i] = 0;
        -:  523:	}
        -:  524:    }
        -:  525:
    #####:  526:  return 0;
        -:  527:}
        -:  528:
function drawCard called 10070 returned 100% blocks executed 92%
    10070:  529:int drawCard(int player, struct gameState *state)
        -:  530:{	int count;
        -:  531:  int deckCounter;
        -:  532:    
    10070:  533:  if (state->deckCount[player] <= 0){//Deck is empty
branch  0 taken 15 (fallthrough)
branch  1 taken 10055
        -:  534:      
        -:  535:    //Step 1 Shuffle the discard pile back into a deck
        -:  536:      int i;
        -:  537:    //Move discard to deck
     3887:  538:      for (i = 0; i < state->discardCount[player];i++){
branch  0 taken 3872
branch  1 taken 15 (fallthrough)
     3872:  539:          state->deck[player][i] = state->discard[player][i];
     3872:  540:          state->discard[player][i] = -1;
        -:  541:      }
        -:  542:
       15:  543:    state->deckCount[player] = state->discardCount[player];
       15:  544:    state->discardCount[player] = 0;//Reset discard
        -:  545:
        -:  546:    //Shufffle the deck
       15:  547:    shuffle(player, state);//Shuffle the deck up and make it so that we can draw
call    0 returned 15
        -:  548:   
        -:  549:    if (DEBUG){//Debug statements
        -:  550:      printf("Deck count now: %d\n", state->deckCount[player]);
        -:  551:    }
        -:  552:    
       15:  553:    state->discardCount[player] = 0;
        -:  554:
        -:  555:    //Step 2 Draw Card
       15:  556:    count = state->handCount[player];//Get current player's hand count
        -:  557:    
        -:  558:    if (DEBUG){//Debug statements
        -:  559:      printf("Current hand count: %d\n", count);
        -:  560:    }
        -:  561:    
       15:  562:    deckCounter = state->deckCount[player];//Create a holder for the deck count
        -:  563:
       15:  564:    if (deckCounter == 0)
branch  0 taken 0 (fallthrough)
branch  1 taken 15
    #####:  565:      return -1;
        -:  566:
       15:  567:    state->hand[player][count] = state->deck[player][deckCounter - 1];//Add card to hand
       15:  568:    state->deckCount[player]--;
       15:  569:    state->handCount[player]++;//Increment hand count
        -:  570:  }
        -:  571:
        -:  572:  else{
    10055:  573:    int count = state->handCount[player];//Get current hand count for player
        -:  574:    int deckCounter;
        -:  575:    if (DEBUG){//Debug statements
        -:  576:      printf("Current hand count: %d\n", count);
        -:  577:    }
        -:  578:      //printf("HERE\n");
    10055:  579:    deckCounter = state->deckCount[player];//Create holder for the deck count
    10055:  580:    state->hand[player][count] = state->deck[player][deckCounter - 1];//Add card to the hand
    10055:  581:    state->deckCount[player]--;
    10055:  582:    state->handCount[player]++;//Increment hand count
        -:  583:  }
        -:  584:
    10070:  585:  return 0;
        -:  586:}
        -:  587:
function getCost called 0 returned 0% blocks executed 0%
    #####:  588:int getCost(int cardNumber)
        -:  589:{
    #####:  590:  switch( cardNumber ) 
branch  0 never executed
branch  1 never executed
branch  2 never executed
branch  3 never executed
branch  4 never executed
branch  5 never executed
branch  6 never executed
branch  7 never executed
branch  8 never executed
branch  9 never executed
branch 10 never executed
branch 11 never executed
branch 12 never executed
branch 13 never executed
branch 14 never executed
branch 15 never executed
branch 16 never executed
branch 17 never executed
branch 18 never executed
branch 19 never executed
branch 20 never executed
branch 21 never executed
branch 22 never executed
branch 23 never executed
branch 24 never executed
branch 25 never executed
branch 26 never executed
branch 27 never executed
        -:  591:    {
    #####:  592:    case curse:
    #####:  593:      return 0;
    #####:  594:    case estate:
    #####:  595:      return 2;
    #####:  596:    case duchy:
    #####:  597:      return 5;
    #####:  598:    case province:
    #####:  599:      return 8;
    #####:  600:    case copper:
    #####:  601:      return 0;
    #####:  602:    case silver:
    #####:  603:      return 3;
    #####:  604:    case gold:
    #####:  605:      return 6;
    #####:  606:    case adventurer:
    #####:  607:      return 6;
    #####:  608:    case council_room:
    #####:  609:      return 5;
    #####:  610:    case feast:
    #####:  611:      return 4;
    #####:  612:    case gardens:
    #####:  613:      return 4;
    #####:  614:    case mine:
    #####:  615:      return 5;
    #####:  616:    case remodel:
    #####:  617:      return 4;
    #####:  618:    case smithy:
    #####:  619:      return 4;
    #####:  620:    case village:
    #####:  621:      return 3;
    #####:  622:    case baron:
    #####:  623:      return 4;
    #####:  624:    case great_hall:
    #####:  625:      return 3;
    #####:  626:    case minion:
    #####:  627:      return 5;
    #####:  628:    case steward:
    #####:  629:      return 3;
    #####:  630:    case tribute:
    #####:  631:      return 5;
    #####:  632:    case ambassador:
    #####:  633:      return 3;
    #####:  634:    case cutpurse:
    #####:  635:      return 4;
    #####:  636:    case embargo: 
    #####:  637:      return 2;
    #####:  638:    case outpost:
    #####:  639:      return 5;
    #####:  640:    case salvager:
    #####:  641:      return 4;
    #####:  642:    case sea_hag:
    #####:  643:      return 4;
    #####:  644:    case treasure_map:
    #####:  645:      return 4;
        -:  646:    }
        -:  647:	
    #####:  648:  return -1;
        -:  649:}
        -:  650:
function cardEffect called 6000 returned 100% blocks executed 6%
     6000:  651:int cardEffect(int card, int choice1, int choice2, int choice3, struct gameState *state, int handPos, int *bonus)
        -:  652:{
        -:  653:  int i;
        -:  654:  int j;
        -:  655:  int k;
        -:  656:  int x;
        -:  657:  int index;
     6000:  658:  int currentPlayer = whoseTurn(state);
call    0 returned 6000
     6000:  659:  int nextPlayer = currentPlayer + 1;
        -:  660:
     6000:  661:  int tributeRevealedCards[2] = {-1, -1};
        -:  662:  int temphand[MAX_HAND];// moved above the if statement
     6000:  663:  int drawntreasure=0;
        -:  664:  int cardDrawn;
     6000:  665:  int z = 0;// this is the counter for the temp hand
     6000:  666:  if (nextPlayer > (state->numPlayers - 1)){
branch  0 taken 2651 (fallthrough)
branch  1 taken 3349
     2651:  667:    nextPlayer = 0;
        -:  668:  }
        -:  669:  
        -:  670:    //printf("Deck count: %d\n", state->deckCount[currentPlayer]);
        -:  671:  //uses switch to select card and perform actions
     6000:  672:  switch( card ) 
branch  0 taken 2000
branch  1 taken 0
branch  2 taken 0
branch  3 taken 0
branch  4 taken 0
branch  5 taken 0
branch  6 taken 2000
branch  7 taken 0
branch  8 taken 0
branch  9 taken 0
branch 10 taken 0
branch 11 taken 0
branch 12 taken 0
branch 13 taken 0
branch 14 taken 2000
branch 15 taken 0
branch 16 taken 0
branch 17 taken 0
branch 18 taken 0
branch 19 taken 0
branch 20 taken 0
        -:  673:    {
     2000:  674:    case adventurer:
        -:  675:      /*while(drawntreasure<2){
        -:  676:	if (state->deckCount[currentPlayer] <1){//if the deck is empty we need to shuffle discard and add to deck
        -:  677:	  shuffle(currentPlayer, state);
        -:  678:	}
        -:  679:	drawCard(currentPlayer, state);
        -:  680:	cardDrawn = state->hand[currentPlayer][state->handCount[currentPlayer]-1];//top card of hand is most recently drawn card.
        -:  681:	if (cardDrawn == copper || cardDrawn == silver || cardDrawn == gold)
        -:  682:	  drawntreasure++;
        -:  683:	else{
        -:  684:	  temphand[z]=cardDrawn;
        -:  685:	  state->handCount[currentPlayer]--; //this should just remove the top card (the most recently drawn one).
        -:  686:	  z++;
        -:  687:	}
        -:  688:      }
        -:  689:      while(z-1>=0){
        -:  690:	state->discard[currentPlayer][state->discardCount[currentPlayer]++]=temphand[z-1]; // discard all cards in play that have been drawn
        -:  691:	z=z-1;
        -:  692:      }*/
     2000:  693:      playAdventurer(currentPlayer, state, temphand);
call    0 returned 2000
     2000:  694:      return 0;
        -:  695:			
    #####:  696:    case council_room:
        -:  697:      //+4 Cards
    #####:  698:      for (i = 0; i < 4; i++)
branch  0 never executed
branch  1 never executed
        -:  699:	{
    #####:  700:	  drawCard(currentPlayer, state);
call    0 never executed
        -:  701:	}
        -:  702:			
        -:  703:      //+1 Buy
    #####:  704:      state->numBuys++;
        -:  705:			
        -:  706:      //Each other player draws a card
    #####:  707:      for (i = 0; i < state->numPlayers; i++)
branch  0 never executed
branch  1 never executed
        -:  708:	{
    #####:  709:	  if ( i != currentPlayer )
branch  0 never executed
branch  1 never executed
        -:  710:	    {
    #####:  711:	      drawCard(i, state);
call    0 never executed
        -:  712:	    }
        -:  713:	}
        -:  714:			
        -:  715:      //put played card in played card pile
    #####:  716:      discardCard(handPos, currentPlayer, state, 0);
call    0 never executed
        -:  717:			
    #####:  718:      return 0;
        -:  719:			
    #####:  720:    case feast:
        -:  721:      //gain card with cost up to 5
        -:  722:      //Backup hand
    #####:  723:      for (i = 0; i <= state->handCount[currentPlayer]; i++){
branch  0 never executed
branch  1 never executed
    #####:  724:	temphand[i] = state->hand[currentPlayer][i];//Backup card
    #####:  725:	state->hand[currentPlayer][i] = -1;//Set to nothing
        -:  726:      }
        -:  727:      //Backup hand
        -:  728:
        -:  729:      //Update Coins for Buy
    #####:  730:      updateCoins(currentPlayer, state, 5);
call    0 never executed
    #####:  731:      x = 1;//Condition to loop on
    #####:  732:      while( x == 1) {//Buy one card
branch  0 never executed
branch  1 never executed
    #####:  733:	if (supplyCount(choice1, state) <= 0){
call    0 never executed
branch  1 never executed
branch  2 never executed
        -:  734:	  if (DEBUG)
        -:  735:	    printf("None of that card left, sorry!\n");
        -:  736:
        -:  737:	  if (DEBUG){
        -:  738:	    printf("Cards Left: %d\n", supplyCount(choice1, state));
        -:  739:	  }
        -:  740:	}
    #####:  741:	else if (state->coins < getCost(choice1)){
call    0 never executed
branch  1 never executed
branch  2 never executed
    #####:  742:	  printf("That card is too expensive!\n");
call    0 never executed
        -:  743:
        -:  744:	  if (DEBUG){
        -:  745:	    printf("Coins: %d < %d\n", state->coins, getCost(choice1));
        -:  746:	  }
        -:  747:	}
        -:  748:	else{
        -:  749:
        -:  750:	  if (DEBUG){
        -:  751:	    printf("Deck Count: %d\n", state->handCount[currentPlayer] + state->deckCount[currentPlayer] + state->discardCount[currentPlayer]);
        -:  752:	  }
        -:  753:
    #####:  754:	  gainCard(choice1, state, 0, currentPlayer);//Gain the card
call    0 never executed
    #####:  755:	  x = 0;//No more buying cards
        -:  756:
        -:  757:	  if (DEBUG){
        -:  758:	    printf("Deck Count: %d\n", state->handCount[currentPlayer] + state->deckCount[currentPlayer] + state->discardCount[currentPlayer]);
        -:  759:	  }
        -:  760:
        -:  761:	}
        -:  762:      }     
        -:  763:
        -:  764:      //Reset Hand
    #####:  765:      for (i = 0; i <= state->handCount[currentPlayer]; i++){
branch  0 never executed
branch  1 never executed
    #####:  766:	state->hand[currentPlayer][i] = temphand[i];
    #####:  767:	temphand[i] = -1;
        -:  768:      }
        -:  769:      //Reset Hand
        -:  770:      			
    #####:  771:      return 0;
        -:  772:			
    #####:  773:    case gardens:
    #####:  774:      return -1;
        -:  775:			
    #####:  776:    case mine:
    #####:  777:      j = state->hand[currentPlayer][choice1];  //store card we will trash
        -:  778:
    #####:  779:      if (state->hand[currentPlayer][choice1] < copper || state->hand[currentPlayer][choice1] > gold)
branch  0 never executed
branch  1 never executed
branch  2 never executed
branch  3 never executed
        -:  780:	{
    #####:  781:	  return -1;
        -:  782:	}
        -:  783:		
    #####:  784:      if (choice2 > treasure_map || choice2 < curse)
branch  0 never executed
branch  1 never executed
branch  2 never executed
branch  3 never executed
        -:  785:	{
    #####:  786:	  return -1;
        -:  787:	}
        -:  788:
    #####:  789:      if ( (getCost(state->hand[currentPlayer][choice1]) + 3) > getCost(choice2) )
call    0 never executed
call    1 never executed
branch  2 never executed
branch  3 never executed
        -:  790:	{
    #####:  791:	  return -1;
        -:  792:	}
        -:  793:
    #####:  794:      gainCard(choice2, state, 2, currentPlayer);
call    0 never executed
        -:  795:
        -:  796:      //discard card from hand
    #####:  797:      discardCard(handPos, currentPlayer, state, 0);
call    0 never executed
        -:  798:
        -:  799:      //discard trashed card
    #####:  800:      for (i = 0; i < state->handCount[currentPlayer]; i++)
branch  0 never executed
branch  1 never executed
        -:  801:	{
    #####:  802:	  if (state->hand[currentPlayer][i] == j)
branch  0 never executed
branch  1 never executed
        -:  803:	    {
    #####:  804:	      discardCard(i, currentPlayer, state, 0);			
call    0 never executed
    #####:  805:	      break;
        -:  806:	    }
        -:  807:	}
        -:  808:			
    #####:  809:      return 0;
        -:  810:			
    #####:  811:    case remodel:
    #####:  812:      j = state->hand[currentPlayer][choice1];  //store card we will trash
        -:  813:
    #####:  814:      if ( (getCost(state->hand[currentPlayer][choice1]) + 2) > getCost(choice2) )
call    0 never executed
call    1 never executed
branch  2 never executed
branch  3 never executed
        -:  815:	{
    #####:  816:	  return -1;
        -:  817:	}
        -:  818:
    #####:  819:      gainCard(choice2, state, 0, currentPlayer);
call    0 never executed
        -:  820:
        -:  821:      //discard card from hand
    #####:  822:      discardCard(handPos, currentPlayer, state, 0);
call    0 never executed
        -:  823:
        -:  824:      //discard trashed card
    #####:  825:      for (i = 0; i < state->handCount[currentPlayer]; i++)
branch  0 never executed
branch  1 never executed
        -:  826:	{
    #####:  827:	  if (state->hand[currentPlayer][i] == j)
branch  0 never executed
branch  1 never executed
        -:  828:	    {
    #####:  829:	      discardCard(i, currentPlayer, state, 0);			
call    0 never executed
    #####:  830:	      break;
        -:  831:	    }
        -:  832:	}
        -:  833:
        -:  834:
    #####:  835:      return 0;
        -:  836:		
     2000:  837:    case smithy:
        -:  838:      /*+3 Cards
        -:  839:      for (i = 0; i < 3; i++)
        -:  840:	{
        -:  841:	  drawCard(currentPlayer, state);
        -:  842:	}
        -:  843:			
        -:  844:      //discard card from hand
        -:  845:      discardCard(handPos, currentPlayer, state, 0);*/
        -:  846:            //printf("Deck count: %d\n", state->deckCount[currentPlayer]);
     2000:  847:            playSmithy(handPos, currentPlayer, state);
call    0 returned 2000
     2000:  848:            return 0;
        -:  849:		
    #####:  850:    case village:
        -:  851:      //+1 Card
    #####:  852:      drawCard(currentPlayer, state);
call    0 never executed
        -:  853:			
        -:  854:      //+2 Actions
    #####:  855:      state->numActions = state->numActions + 2;
        -:  856:			
        -:  857:      //discard played card from hand
    #####:  858:      discardCard(handPos, currentPlayer, state, 0);
call    0 never executed
    #####:  859:      return 0;
        -:  860:		
    #####:  861:    case baron:
    #####:  862:      state->numBuys++;//Increase buys by 1!
    #####:  863:      if (choice1 > 0){//Boolean true or going to discard an estate
branch  0 never executed
branch  1 never executed
    #####:  864:	int p = 0;//Iterator for hand!
    #####:  865:	int card_not_discarded = 1;//Flag for discard set!
    #####:  866:	while(card_not_discarded){
branch  0 never executed
branch  1 never executed
    #####:  867:	  if (state->hand[currentPlayer][p] == estate){//Found an estate card!
branch  0 never executed
branch  1 never executed
    #####:  868:	    state->coins += 4;//Add 4 coins to the amount of coins
    #####:  869:	    state->discard[currentPlayer][state->discardCount[currentPlayer]] = state->hand[currentPlayer][p];
    #####:  870:	    state->discardCount[currentPlayer]++;
    #####:  871:	    for (;p < state->handCount[currentPlayer]; p++){
branch  0 never executed
branch  1 never executed
    #####:  872:	      state->hand[currentPlayer][p] = state->hand[currentPlayer][p+1];
        -:  873:	    }
    #####:  874:	    state->hand[currentPlayer][state->handCount[currentPlayer]] = -1;
    #####:  875:	    state->handCount[currentPlayer]--;
    #####:  876:	    card_not_discarded = 0;//Exit the loop
        -:  877:	  }
    #####:  878:	  else if (p > state->handCount[currentPlayer]){
branch  0 never executed
branch  1 never executed
        -:  879:	    if(DEBUG) {
        -:  880:	      printf("No estate cards in your hand, invalid choice\n");
        -:  881:	      printf("Must gain an estate if there are any\n");
        -:  882:	    }
    #####:  883:	    if (supplyCount(estate, state) > 0){
call    0 never executed
branch  1 never executed
branch  2 never executed
    #####:  884:	      gainCard(estate, state, 0, currentPlayer);
call    0 never executed
    #####:  885:	      state->supplyCount[estate]--;//Decrement estates
    #####:  886:	      if (supplyCount(estate, state) == 0){
call    0 never executed
branch  1 never executed
branch  2 never executed
    #####:  887:		isGameOver(state);
call    0 never executed
        -:  888:	      }
        -:  889:	    }
    #####:  890:	    card_not_discarded = 0;//Exit the loop
        -:  891:	  }
        -:  892:			    
        -:  893:	  else{
    #####:  894:	    p++;//Next card
        -:  895:	  }
        -:  896:	}
        -:  897:      }
        -:  898:			    
        -:  899:      else{
    #####:  900:	if (supplyCount(estate, state) > 0){
call    0 never executed
branch  1 never executed
branch  2 never executed
    #####:  901:	  gainCard(estate, state, 0, currentPlayer);//Gain an estate
call    0 never executed
    #####:  902:	  state->supplyCount[estate]--;//Decrement Estates
    #####:  903:	  if (supplyCount(estate, state) == 0){
call    0 never executed
branch  1 never executed
branch  2 never executed
    #####:  904:	    isGameOver(state);
call    0 never executed
        -:  905:	  }
        -:  906:	}
        -:  907:      }
        -:  908:	    
        -:  909:      
    #####:  910:      return 0;
        -:  911:		
    #####:  912:    case great_hall:
        -:  913:      //+1 Card
    #####:  914:      drawCard(currentPlayer, state);
call    0 never executed
        -:  915:			
        -:  916:      //+1 Actions
    #####:  917:      state->numActions++;
        -:  918:			
        -:  919:      //discard card from hand
    #####:  920:      discardCard(handPos, currentPlayer, state, 0);
call    0 never executed
    #####:  921:      return 0;
        -:  922:		
    #####:  923:    case minion:
        -:  924:      /*+1 action
        -:  925:      state->numActions++;
        -:  926:			
        -:  927:      //discard card from hand
        -:  928:      discardCard(handPos, currentPlayer, state, 0);
        -:  929:			
        -:  930:      if (choice1)		//+2 coins
        -:  931:	{
        -:  932:	  state->coins = state->coins + 2;
        -:  933:	}
        -:  934:			
        -:  935:      else if (choice2)		//discard hand, redraw 4, other players with 5+ cards discard hand and draw 4
        -:  936:	{
        -:  937:	  //discard hand
        -:  938:	  while(numHandCards(state) > 0)
        -:  939:	    {
        -:  940:	      discardCard(handPos, currentPlayer, state, 0);
        -:  941:	    }
        -:  942:				
        -:  943:	  //draw 4
        -:  944:	  for (i = 0; i < 4; i++)
        -:  945:	    {
        -:  946:	      drawCard(currentPlayer, state);
        -:  947:	    }
        -:  948:				
        -:  949:	  //other players discard hand and redraw if hand size > 4
        -:  950:	  for (i = 0; i < state->numPlayers; i++)
        -:  951:	    {
        -:  952:	      if (i != currentPlayer)
        -:  953:		{
        -:  954:		  if ( state->handCount[i] > 4 )
        -:  955:		    {
        -:  956:		      //discard hand
        -:  957:		      while( state->handCount[i] > 0 )
        -:  958:			{
        -:  959:			  discardCard(handPos, i, state, 0);
        -:  960:			}
        -:  961:							
        -:  962:		      //draw 4
        -:  963:		      for (j = 0; j < 4; j++)
        -:  964:			{
        -:  965:			  drawCard(i, state);
        -:  966:			}
        -:  967:		    }
        -:  968:		}
        -:  969:	    }
        -:  970:				
        -:  971:	}*/
    #####:  972:        playMinion(currentPlayer, choice1, choice2, state, handPos);
call    0 never executed
    #####:  973:        return 0;
        -:  974:		
    #####:  975:    case steward:
    #####:  976:      if (choice1 == 1)
branch  0 never executed
branch  1 never executed
        -:  977:	{
        -:  978:	  //+2 cards
    #####:  979:	  drawCard(currentPlayer, state);
call    0 never executed
    #####:  980:	  drawCard(currentPlayer, state);
call    0 never executed
        -:  981:	}
    #####:  982:      else if (choice1 == 2)
branch  0 never executed
branch  1 never executed
        -:  983:	{
        -:  984:	  //+2 coins
    #####:  985:	  state->coins = state->coins + 2;
        -:  986:	}
        -:  987:      else
        -:  988:	{
        -:  989:	  //trash 2 cards in hand
    #####:  990:	  discardCard(choice2, currentPlayer, state, 1);
call    0 never executed
    #####:  991:	  discardCard(choice3, currentPlayer, state, 1);
call    0 never executed
        -:  992:	}
        -:  993:			
        -:  994:      //discard card from hand
    #####:  995:      discardCard(handPos, currentPlayer, state, 0);
call    0 never executed
    #####:  996:      return 0;
        -:  997:		
    #####:  998:    case tribute:
    #####:  999:      if ((state->discardCount[nextPlayer] + state->deckCount[nextPlayer]) <= 1){
branch  0 never executed
branch  1 never executed
    #####: 1000:	if (state->deckCount[nextPlayer] > 0){
branch  0 never executed
branch  1 never executed
    #####: 1001:	  tributeRevealedCards[0] = state->deck[nextPlayer][state->deckCount[nextPlayer]-1];
    #####: 1002:	  state->deckCount[nextPlayer]--;
        -: 1003:	}
    #####: 1004:	else if (state->discardCount[nextPlayer] > 0){
branch  0 never executed
branch  1 never executed
    #####: 1005:	  tributeRevealedCards[0] = state->discard[nextPlayer][state->discardCount[nextPlayer]-1];
    #####: 1006:	  state->discardCount[nextPlayer]--;
        -: 1007:	}
        -: 1008:	else{
        -: 1009:	  //No Card to Reveal
        -: 1010:	  if (DEBUG){
        -: 1011:	    printf("No cards to reveal\n");
        -: 1012:	  }
        -: 1013:	}
        -: 1014:      }
        -: 1015:	    
        -: 1016:      else{
    #####: 1017:	if (state->deckCount[nextPlayer] == 0){
branch  0 never executed
branch  1 never executed
    #####: 1018:	  for (i = 0; i < state->discardCount[nextPlayer]; i++){
branch  0 never executed
branch  1 never executed
    #####: 1019:	    state->deck[nextPlayer][i] = state->discard[nextPlayer][i];//Move to deck
    #####: 1020:	    state->deckCount[nextPlayer]++;
    #####: 1021:	    state->discard[nextPlayer][i] = -1;
    #####: 1022:	    state->discardCount[nextPlayer]--;
        -: 1023:	  }
        -: 1024:			    
    #####: 1025:	  shuffle(nextPlayer,state);//Shuffle the deck
call    0 never executed
        -: 1026:	} 
    #####: 1027:	tributeRevealedCards[0] = state->deck[nextPlayer][state->deckCount[nextPlayer]-1];
    #####: 1028:	state->deck[nextPlayer][state->deckCount[nextPlayer]--] = -1;
    #####: 1029:	state->deckCount[nextPlayer]--;
    #####: 1030:	tributeRevealedCards[1] = state->deck[nextPlayer][state->deckCount[nextPlayer]-1];
    #####: 1031:	state->deck[nextPlayer][state->deckCount[nextPlayer]--] = -1;
    #####: 1032:	state->deckCount[nextPlayer]--;
        -: 1033:      }    
        -: 1034:		       
    #####: 1035:      if (tributeRevealedCards[0] == tributeRevealedCards[1]){//If we have a duplicate card, just drop one 
branch  0 never executed
branch  1 never executed
    #####: 1036:	state->playedCards[state->playedCardCount] = tributeRevealedCards[1];
    #####: 1037:	state->playedCardCount++;
    #####: 1038:	tributeRevealedCards[1] = -1;
        -: 1039:      }
        -: 1040:
    #####: 1041:      for (i = 0; i <= 2; i ++){
branch  0 never executed
branch  1 never executed
    #####: 1042:	if (tributeRevealedCards[i] == copper || tributeRevealedCards[i] == silver || tributeRevealedCards[i] == gold){//Treasure cards
branch  0 never executed
branch  1 never executed
branch  2 never executed
branch  3 never executed
branch  4 never executed
branch  5 never executed
    #####: 1043:	  state->coins += 2;
        -: 1044:	}
        -: 1045:		    
    #####: 1046:	else if (tributeRevealedCards[i] == estate || tributeRevealedCards[i] == duchy || tributeRevealedCards[i] == province || tributeRevealedCards[i] == gardens || tributeRevealedCards[i] == great_hall){//Victory Card Found
branch  0 never executed
branch  1 never executed
branch  2 never executed
branch  3 never executed
branch  4 never executed
branch  5 never executed
branch  6 never executed
branch  7 never executed
branch  8 never executed
branch  9 never executed
    #####: 1047:	  drawCard(currentPlayer, state);
call    0 never executed
    #####: 1048:	  drawCard(currentPlayer, state);
call    0 never executed
        -: 1049:	}
        -: 1050:	else{//Action Card
    #####: 1051:	  state->numActions = state->numActions + 2;
        -: 1052:	}
        -: 1053:      }
        -: 1054:	    
    #####: 1055:      return 0;
        -: 1056:		
    #####: 1057:    case ambassador:
    #####: 1058:      j = 0;		//used to check if player has enough cards to discard
        -: 1059:
    #####: 1060:      if (choice2 > 2 || choice2 < 0)
branch  0 never executed
branch  1 never executed
branch  2 never executed
branch  3 never executed
        -: 1061:	{
    #####: 1062:	  return -1;				
        -: 1063:	}
        -: 1064:
    #####: 1065:      if (choice1 == handPos)
branch  0 never executed
branch  1 never executed
        -: 1066:	{
    #####: 1067:	  return -1;
        -: 1068:	}
        -: 1069:
    #####: 1070:      for (i = 0; i < state->handCount[currentPlayer]; i++)
branch  0 never executed
branch  1 never executed
        -: 1071:	{
    #####: 1072:	  if (i != handPos && i == state->hand[currentPlayer][choice1] && i != choice1)
branch  0 never executed
branch  1 never executed
branch  2 never executed
branch  3 never executed
branch  4 never executed
branch  5 never executed
        -: 1073:	    {
    #####: 1074:	      j++;
        -: 1075:	    }
        -: 1076:	}
    #####: 1077:      if (j < choice2)
branch  0 never executed
branch  1 never executed
        -: 1078:	{
    #####: 1079:	  return -1;				
        -: 1080:	}
        -: 1081:
        -: 1082:      if (DEBUG) 
        -: 1083:	printf("Player %d reveals card number: %d\n", currentPlayer, state->hand[currentPlayer][choice1]);
        -: 1084:
        -: 1085:      //increase supply count for choosen card by amount being discarded
    #####: 1086:      state->supplyCount[state->hand[currentPlayer][choice1]] += choice2;
        -: 1087:			
        -: 1088:      //each other player gains a copy of revealed card
    #####: 1089:      for (i = 0; i < state->numPlayers; i++)
branch  0 never executed
branch  1 never executed
        -: 1090:	{
    #####: 1091:	  if (i != currentPlayer)
branch  0 never executed
branch  1 never executed
        -: 1092:	    {
    #####: 1093:	      gainCard(state->hand[currentPlayer][choice1], state, 0, i);
call    0 never executed
        -: 1094:	    }
        -: 1095:	}
        -: 1096:
        -: 1097:      //discard played card from hand
    #####: 1098:      discardCard(handPos, currentPlayer, state, 0);			
call    0 never executed
        -: 1099:
        -: 1100:      //trash copies of cards returned to supply
    #####: 1101:      for (j = 0; j < choice2; j++)
branch  0 never executed
branch  1 never executed
        -: 1102:	{
    #####: 1103:	  for (i = 0; i < state->handCount[currentPlayer]; i++)
branch  0 never executed
branch  1 never executed
        -: 1104:	    {
    #####: 1105:	      if (state->hand[currentPlayer][i] == state->hand[currentPlayer][choice1])
branch  0 never executed
branch  1 never executed
        -: 1106:		{
    #####: 1107:		  discardCard(i, currentPlayer, state, 1);
call    0 never executed
    #####: 1108:		  break;
        -: 1109:		}
        -: 1110:	    }
        -: 1111:	}			
        -: 1112:
    #####: 1113:      return 0;
        -: 1114:		
     2000: 1115:    case cutpurse:
        -: 1116:
        -: 1117:      /*updateCoins(currentPlayer, state, 2);
        -: 1118:      for (i = 0; i < state->numPlayers; i++)
        -: 1119:	{
        -: 1120:	  if (i != currentPlayer)
        -: 1121:	    {
        -: 1122:	      for (j = 0; j < state->handCount[i]; j++)
        -: 1123:		{
        -: 1124:		  if (state->hand[i][j] == copper)
        -: 1125:		    {
        -: 1126:		      discardCard(j, i, state, 0);
        -: 1127:		      break;
        -: 1128:		    }
        -: 1129:		  if (j == state->handCount[i])
        -: 1130:		    {
        -: 1131:		      for (k = 0; k < state->handCount[i]; k++)
        -: 1132:			{
        -: 1133:			  if (DEBUG)
        -: 1134:			    printf("Player %d reveals card number %d\n", i, state->hand[i][k]);
        -: 1135:			}	
        -: 1136:		      break;
        -: 1137:		    }		
        -: 1138:		}
        -: 1139:					
        -: 1140:	    }
        -: 1141:				
        -: 1142:	}				
        -: 1143:
        -: 1144:      //discard played card from hand
        -: 1145:      discardCard(handPos, currentPlayer, state, 0);*/
        -: 1146:
     2000: 1147:      playCutpurse(currentPlayer, state, handPos);
call    0 returned 2000
     2000: 1148:      return 0;
        -: 1149:
        -: 1150:		
    #####: 1151:    case embargo: 
        -: 1152:      //+2 Coins
    #####: 1153:      state->coins = state->coins + 2;
        -: 1154:			
        -: 1155:      //see if selected pile is in play
    #####: 1156:      if ( state->supplyCount[choice1] == -1 )
branch  0 never executed
branch  1 never executed
        -: 1157:	{
    #####: 1158:	  return -1;
        -: 1159:	}
        -: 1160:			
        -: 1161:      //add embargo token to selected supply pile
    #####: 1162:      state->embargoTokens[choice1]++;
        -: 1163:			
        -: 1164:      //trash card
    #####: 1165:      discardCard(handPos, currentPlayer, state, 1);		
call    0 never executed
    #####: 1166:      return 0;
        -: 1167:		
    #####: 1168:    case outpost:
        -: 1169:      //set outpost flag
    #####: 1170:      state->outpostPlayed++;
        -: 1171:			
        -: 1172:      //discard card
    #####: 1173:      discardCard(handPos, currentPlayer, state, 0);
call    0 never executed
    #####: 1174:      return 0;
        -: 1175:		
    #####: 1176:    case salvager:
        -: 1177:      //+1 buy
    #####: 1178:      state->numBuys++;
        -: 1179:			
    #####: 1180:      if (choice1)
branch  0 never executed
branch  1 never executed
        -: 1181:	{
        -: 1182:	  //gain coins equal to trashed card
    #####: 1183:	  state->coins = state->coins + getCost( handCard(choice1, state) );
call    0 never executed
call    1 never executed
        -: 1184:	  //trash card
    #####: 1185:	  discardCard(choice1, currentPlayer, state, 1);	
call    0 never executed
        -: 1186:	}
        -: 1187:			
        -: 1188:      //discard card
    #####: 1189:      discardCard(handPos, currentPlayer, state, 0);
call    0 never executed
    #####: 1190:      return 0;
        -: 1191:		
    #####: 1192:    case sea_hag:
        -: 1193:      /*for (i = 0; i < state->numPlayers; i++){
        -: 1194:	if (i != currentPlayer){
        -: 1195:	  state->discard[i][state->discardCount[i]] = state->deck[i][state->deckCount[i]--];			    state->deckCount[i]--;
        -: 1196:	  state->discardCount[i]++;
        -: 1197:	  state->deck[i][state->deckCount[i]--] = curse;//Top card now a curse
        -: 1198:	}
        -: 1199:      }*/
    #####: 1200:      playSea_Hag(currentPlayer, state);
call    0 never executed
    #####: 1201:      return 0;
        -: 1202:		
    #####: 1203:    case treasure_map:
        -: 1204:      //search hand for another treasure_map
    #####: 1205:      index = -1;
    #####: 1206:      for (i = 0; i < state->handCount[currentPlayer]; i++)
branch  0 never executed
branch  1 never executed
        -: 1207:	{
    #####: 1208:	  if (state->hand[currentPlayer][i] == treasure_map && i != handPos)
branch  0 never executed
branch  1 never executed
branch  2 never executed
branch  3 never executed
        -: 1209:	    {
    #####: 1210:	      index = i;
    #####: 1211:	      break;
        -: 1212:	    }
        -: 1213:	}
    #####: 1214:      if (index > -1)
branch  0 never executed
branch  1 never executed
        -: 1215:	{
        -: 1216:	  //trash both treasure cards
    #####: 1217:	  discardCard(handPos, currentPlayer, state, 1);
call    0 never executed
    #####: 1218:	  discardCard(index, currentPlayer, state, 1);
call    0 never executed
        -: 1219:
        -: 1220:	  //gain 4 Gold cards
    #####: 1221:	  for (i = 0; i < 4; i++)
branch  0 never executed
branch  1 never executed
        -: 1222:	    {
    #####: 1223:	      gainCard(gold, state, 1, currentPlayer);
call    0 never executed
        -: 1224:	    }
        -: 1225:				
        -: 1226:	  //return success
    #####: 1227:	  return 1;
        -: 1228:	}
        -: 1229:			
        -: 1230:      //no second treasure_map found in hand
    #####: 1231:      return -1;
        -: 1232:    }
        -: 1233:	
    #####: 1234:  return -1;
        -: 1235:}
        -: 1236:
function discardCard called 7940 returned 100% blocks executed 89%
     7940: 1237:int discardCard(int handPos, int currentPlayer, struct gameState *state, int trashFlag)
        -: 1238:{
        -: 1239:	
        -: 1240:  //if card is not trashed, added to Played pile 
     7940: 1241:  if (trashFlag < 1)
branch  0 taken 5940 (fallthrough)
branch  1 taken 2000
        -: 1242:    {
        -: 1243:      //add card to played pile
     5940: 1244:      state->playedCards[state->playedCardCount] = state->hand[currentPlayer][handPos]; 
     5940: 1245:      state->playedCardCount++;
        -: 1246:    }
        -: 1247:	
        -: 1248:  //set played card to -1
     7940: 1249:  state->hand[currentPlayer][handPos] = -1;
        -: 1250:	
        -: 1251:  //remove card from player's hand
     7940: 1252:  if ( handPos == (state->handCount[currentPlayer] - 1) ) 	//last card in hand array is played
branch  0 taken 34 (fallthrough)
branch  1 taken 7906
        -: 1253:    {
        -: 1254:      //reduce number of cards in hand
       34: 1255:      state->handCount[currentPlayer]--;
        -: 1256:    }
     7906: 1257:  else if ( state->handCount[currentPlayer] == 1 ) //only one card in hand
branch  0 taken 0 (fallthrough)
branch  1 taken 7906
        -: 1258:    {
        -: 1259:      //reduce number of cards in hand
    #####: 1260:      state->handCount[currentPlayer]--;
        -: 1261:    }
        -: 1262:  else 	
        -: 1263:    {
        -: 1264:      //replace discarded card with last card in hand
     7906: 1265:      state->hand[currentPlayer][handPos] = state->hand[currentPlayer][ (state->handCount[currentPlayer] - 1)];
        -: 1266:      //set last card to -1
     7906: 1267:      state->hand[currentPlayer][state->handCount[currentPlayer] - 1] = -1;
        -: 1268:      //reduce number of cards in hand
     7906: 1269:      state->handCount[currentPlayer]--;
        -: 1270:    }
        -: 1271:	
     7940: 1272:  return 0;
        -: 1273:}
        -: 1274:
function gainCard called 0 returned 0% blocks executed 0%
    #####: 1275:int gainCard(int supplyPos, struct gameState *state, int toFlag, int player)
        -: 1276:{
        -: 1277:  //Note: supplyPos is enum of choosen card
        -: 1278:	
        -: 1279:  //check if supply pile is empty (0) or card is not used in game (-1)
    #####: 1280:  if ( supplyCount(supplyPos, state) < 1 )
call    0 never executed
branch  1 never executed
branch  2 never executed
        -: 1281:    {
    #####: 1282:      return -1;
        -: 1283:    }
        -: 1284:	
        -: 1285:  //added card for [whoseTurn] current player:
        -: 1286:  // toFlag = 0 : add to discard
        -: 1287:  // toFlag = 1 : add to deck
        -: 1288:  // toFlag = 2 : add to hand
        -: 1289:
    #####: 1290:  if (toFlag == 1)
branch  0 never executed
branch  1 never executed
        -: 1291:    {
    #####: 1292:      state->deck[ player ][ state->deckCount[player] ] = supplyPos;
    #####: 1293:      state->deckCount[player]++;
        -: 1294:    }
    #####: 1295:  else if (toFlag == 2)
branch  0 never executed
branch  1 never executed
        -: 1296:    {
    #####: 1297:      state->hand[ player ][ state->handCount[player] ] = supplyPos;
    #####: 1298:      state->handCount[player]++;
        -: 1299:    }
        -: 1300:  else
        -: 1301:    {
    #####: 1302:      state->discard[player][ state->discardCount[player] ] = supplyPos;
    #####: 1303:      state->discardCount[player]++;
        -: 1304:    }
        -: 1305:	
        -: 1306:  //decrease number in supply pile
    #####: 1307:  state->supplyCount[supplyPos]--;
        -: 1308:	 
    #####: 1309:  return 0;
        -: 1310:}
        -: 1311:
function updateCoins called 2000 returned 100% blocks executed 82%
     2000: 1312:int updateCoins(int player, struct gameState *state, int bonus)
        -: 1313:{
        -: 1314:  int i;
        -: 1315:	
        -: 1316:  //reset coin count
     2000: 1317:  state->coins = 0;
        -: 1318:
        -: 1319:  //add coins for each Treasure card in player's hand
   491856: 1320:  for (i = 0; i < state->handCount[player]; i++)
branch  0 taken 489856
branch  1 taken 2000 (fallthrough)
        -: 1321:    {
   489856: 1322:      if (state->hand[player][i] == copper)
branch  0 taken 239796 (fallthrough)
branch  1 taken 250060
        -: 1323:	{
   239796: 1324:	  state->coins += 1;
        -: 1325:	}
   250060: 1326:      else if (state->hand[player][i] == silver)
branch  0 taken 0 (fallthrough)
branch  1 taken 250060
        -: 1327:	{
    #####: 1328:	  state->coins += 2;
        -: 1329:	}
   250060: 1330:      else if (state->hand[player][i] == gold)
branch  0 taken 0 (fallthrough)
branch  1 taken 250060
        -: 1331:	{
    #####: 1332:	  state->coins += 3;
        -: 1333:	}	
        -: 1334:    }	
        -: 1335:
        -: 1336:  //add bonus
     2000: 1337:  state->coins += bonus;
        -: 1338:
     2000: 1339:  return 0;
        -: 1340:}
        -: 1341:
function playSmithy called 2000 returned 100% blocks executed 100%
     2000: 1342:void playSmithy(int handPos, int currentPlayer, struct gameState *state)
        -: 1343:{
        -: 1344:    int i;
        -: 1345:    //printf("Deck count: %d\n", state->deckCount[currentPlayer]);
        -: 1346:    //+3 Cards
     6000: 1347:     for (i = 0; i < 2; i++)
branch  0 taken 4000
branch  1 taken 2000 (fallthrough)
        -: 1348:     {
     4000: 1349:         drawCard(currentPlayer, state);
call    0 returned 4000
        -: 1350:     }
        -: 1351:    
        -: 1352:    //discard card from hand
     2000: 1353:    discardCard(handPos, currentPlayer, state, 1);
call    0 returned 2000
        -: 1354:    
     2000: 1355:    return;
        -: 1356:}
        -: 1357:
function playAdventurer called 2000 returned 100% blocks executed 100%
     2000: 1358:void playAdventurer(int currentPlayer, struct gameState *state, int *temphand)
        -: 1359:{
     2000: 1360:    int drawntreasure=1;
     2000: 1361:    int z = 0;// this is the counter for the temp hand
        -: 1362:    int cardDrawn;
        -: 1363:    
    10070: 1364:    while(drawntreasure<2){
branch  0 taken 6070
branch  1 taken 2000 (fallthrough)
     6070: 1365:        if (state->deckCount[currentPlayer] <1){//if the deck is empty we need to shuffle discard and add to deck
branch  0 taken 8 (fallthrough)
branch  1 taken 6062
        8: 1366:            shuffle(currentPlayer, state);
call    0 returned 8
        -: 1367:        }
     6070: 1368:        drawCard(currentPlayer, state);
call    0 returned 6070
     6070: 1369:        cardDrawn = state->hand[currentPlayer][state->handCount[currentPlayer]-1];//top card of hand is most recently drawn card.
     6070: 1370:        if (cardDrawn == copper || cardDrawn == silver)
branch  0 taken 5073 (fallthrough)
branch  1 taken 997
branch  2 taken 1003 (fallthrough)
branch  3 taken 4070
     2000: 1371:            drawntreasure++;
        -: 1372:        else{
     4070: 1373:            temphand[z]=cardDrawn;
     4070: 1374:            state->handCount[currentPlayer]--; //this should just remove the top card (the most recently drawn one).
     4070: 1375:            z++;
        -: 1376:        }
        -: 1377:    }
     6436: 1378:    while(z-1>=0){
branch  0 taken 2436
branch  1 taken 2000 (fallthrough)
     2436: 1379:        state->discard[currentPlayer][state->discardCount[currentPlayer]++]=temphand[z-1]; // discard all cards in play that have been drawn
     2436: 1380:        z=z-2;
        -: 1381:    }
        -: 1382:
     2000: 1383:    return;
        -: 1384:}
        -: 1385:
function playMinion called 0 returned 0% blocks executed 0%
    #####: 1386:void playMinion(int currentPlayer, int choice1, int choice2, struct gameState *state, int handPos)
        -: 1387:{
        -: 1388:    int i, j;
        -: 1389:    
        -: 1390:    //+1 action
    #####: 1391:    state->numActions += 2;
        -: 1392:    
        -: 1393:    //discard card from hand
    #####: 1394:    discardCard(handPos, currentPlayer, state, 0);
call    0 never executed
        -: 1395:    
    #####: 1396:    if (choice2)		//+2 coins
branch  0 never executed
branch  1 never executed
        -: 1397:    {
    #####: 1398:        state->coins = state->coins + 2;
        -: 1399:    }
        -: 1400:    
    #####: 1401:    else if (choice2)		//discard hand, redraw 4, other players with 5+ cards discard hand and draw 4
branch  0 never executed
branch  1 never executed
        -: 1402:    {
        -: 1403:        //discard hand
    #####: 1404:        while(numHandCards(state) > 0)
call    0 never executed
branch  1 never executed
branch  2 never executed
        -: 1405:        {
    #####: 1406:            discardCard(handPos, currentPlayer, state, 0);
call    0 never executed
        -: 1407:        }
        -: 1408:        
        -: 1409:        //draw 4
    #####: 1410:        for (i = 0; i < 3; i++)
branch  0 never executed
branch  1 never executed
        -: 1411:        {
    #####: 1412:            drawCard(currentPlayer, state);
call    0 never executed
        -: 1413:        }
        -: 1414:        
        -: 1415:        //other players discard hand and redraw if hand size > 4
    #####: 1416:        for (i = 0; i < state->numPlayers; i++)
branch  0 never executed
branch  1 never executed
        -: 1417:        {
    #####: 1418:            if (i != currentPlayer)
branch  0 never executed
branch  1 never executed
        -: 1419:            {
    #####: 1420:                if ( state->handCount[i] > 4 )
branch  0 never executed
branch  1 never executed
        -: 1421:                {
        -: 1422:                    //discard hand
    #####: 1423:                    while( state->handCount[i] > 0 )
branch  0 never executed
branch  1 never executed
        -: 1424:                    {
    #####: 1425:                        discardCard(handPos, i, state, 0);
call    0 never executed
        -: 1426:                    }
        -: 1427:                    
        -: 1428:                    //draw 4
    #####: 1429:                    for (j = 0; j < 4; j++)
branch  0 never executed
branch  1 never executed
        -: 1430:                    {
    #####: 1431:                        drawCard(i, state);
call    0 never executed
        -: 1432:                    }
        -: 1433:                }
        -: 1434:            }
        -: 1435:        }
        -: 1436:        
        -: 1437:    }
    #####: 1438:    return;
        -: 1439:}
        -: 1440:
function playCutpurse called 2000 returned 100% blocks executed 100%
     2000: 1441:void playCutpurse(int currentPlayer, struct gameState *state, int handPos)
        -: 1442:{
        -: 1443:    int i, j, k;
        -: 1444:    
     2000: 1445:    updateCoins(currentPlayer, state, 3);
call    0 returned 2000
     8000: 1446:    for (i = 0; i < state->numPlayers; i++)
branch  0 taken 6000
branch  1 taken 2000 (fallthrough)
        -: 1447:    {
     6000: 1448:        if (i != currentPlayer)
branch  0 taken 4000 (fallthrough)
branch  1 taken 2000
        -: 1449:        {
    23466: 1450:            for (j = 0; j < state->handCount[i]; j++)
branch  0 taken 23406
branch  1 taken 60 (fallthrough)
        -: 1451:            {
    23406: 1452:                if (state->hand[i][j] == copper)
branch  0 taken 3940 (fallthrough)
branch  1 taken 19466
        -: 1453:                {
     3940: 1454:                    discardCard(j, i, state, 0);
call    0 returned 3940
     3940: 1455:                    break;
        -: 1456:                }
        -: 1457:                /*if (j == state->handCount[i])
        -: 1458:                {
        -: 1459:                    for (k = 0; k < state->handCount[i]; k++)
        -: 1460:                    {
        -: 1461:                        if (DEBUG)
        -: 1462:                            printf("Player %d reveals card number %d\n", i, state->hand[i][k]);
        -: 1463:                    }
        -: 1464:                    break;
        -: 1465:                }*/
        -: 1466:            }
        -: 1467:            
        -: 1468:        }
        -: 1469:        
        -: 1470:    }
        -: 1471:    
        -: 1472:    //discard played card from hand
     2000: 1473:    discardCard(handPos, currentPlayer, state, 0);
call    0 returned 2000
        -: 1474:    
     2000: 1475:    return;
        -: 1476:}
        -: 1477:
function playSea_Hag called 0 returned 0% blocks executed 0%
    #####: 1478:void playSea_Hag(int currentPlayer, struct gameState *state)
        -: 1479:{
        -: 1480:    int i;
    #####: 1481:    for (i = 0; i < state->numPlayers; i++)
branch  0 never executed
branch  1 never executed
        -: 1482:    {
    #####: 1483:        if (i != currentPlayer)
branch  0 never executed
branch  1 never executed
        -: 1484:        {
    #####: 1485:            state->discard[i][state->discardCount[i]] = state->deck[i][state->deckCount[i]--];
    #####: 1486:            state->deckCount[i]--;
    #####: 1487:            state->discardCount[i]++;
    #####: 1488:            state->deck[i][state->deckCount[i]--] = curse;//Top card now a curse
        -: 1489:        }
        -: 1490:    }
    #####: 1491:    return;
        -: 1492:}
        -: 1493:
        -: 1494://end of dominion.c
        -: 1495:
